TN:
SF:/Users/jonwal/repos/vigorjs/dist/vigor.js
FN:3,(anonymous_0)
FN:3,(anonymous_1)
FN:11,webpackUniversalModuleDefinition
FN:13,(anonymous_3)
FN:14,(anonymous_4)
FN:20,__webpack_require__
FN:61,(anonymous_6)
FN:132,_interopRequireDefault
FN:182,(anonymous_8)
FN:190,(anonymous_9)
FN:191,defineProperties
FN:195,(anonymous_11)
FN:212,_interopRequireDefault
FN:216,_classCallCheck
FN:222,EventRegistry
FN:235,(anonymous_15)
FN:236,EventBus
FN:248,subscribe
FN:268,subscribeOnce
FN:287,unsubscribe
FN:309,send
FN:318,_eventKeyExists
FN:338,(anonymous_22)
FN:345,(anonymous_23)
FN:352,(anonymous_24)
FN:364,_interopRequireDefault
FN:370,extend
FN:381,(anonymous_27)
FN:393,_interopRequireDefault
FN:398,extend
FN:409,(anonymous_30)
FN:417,(anonymous_31)
FN:418,defineProperties
FN:422,(anonymous_33)
FN:433,_interopRequireDefault
FN:437,_classCallCheck
FN:452,(anonymous_36)
FN:453,ComponentBase
FN:462,render
FN:471,dispose
FN:480,get
FN:499,(anonymous_41)
FN:507,(anonymous_42)
FN:508,defineProperties
FN:512,(anonymous_44)
FN:517,get
FN:535,_classCallCheck
FN:541,_possibleConstructorReturn
FN:547,_inherits
FN:564,(anonymous_49)
FN:568,ComponentView
FN:589,initialize
FN:603,render
FN:616,renderStaticContent
FN:627,renderDynamicContent
FN:638,addSubscriptions
FN:649,removeSubscriptions
FN:659,dispose
FN:676,_checkIfImplemented
FN:679,(anonymous_59)
FN:702,(anonymous_60)
FN:710,(anonymous_61)
FN:711,defineProperties
FN:715,(anonymous_63)
FN:734,_interopRequireDefault
FN:738,_classCallCheck
FN:749,(anonymous_66)
FN:752,get
FN:761,ComponentViewModel
FN:773,dispose
FN:790,subscribe
FN:802,unsubscribe
FN:811,unsubscribeAll
FN:827,validateContract
FN:840,(anonymous_74)
FN:856,_interopRequireDefault
FN:869,registerProducers
FN:870,(anonymous_77)
FN:880,producerForKey
FN:891,subscribe
FN:904,unsubscribe
FN:913,unsubscribeAll
FN:914,(anonymous_82)
FN:925,(anonymous_83)
FN:942,NO_PRODUCER_FOUND_ERROR
FN:947,KEY_ALREADY_REGISTERED
FN:962,producerClassForKey
FN:983,producerForKey
FN:993,register
FN:1010,reset
FN:1021,(anonymous_90)
FN:1029,_classCallCheck
FN:1035,Subscription
FN:1048,(anonymous_93)
FN:1056,(anonymous_94)
FN:1058,(anonymous_95)
FN:1068,_interopRequireDefault
FN:1092,validateContract
FN:1155,(anonymous_98)
FN:1168,_interopRequireDefault
FN:1176,setup
FN:1186,(anonymous_101)
FN:1194,(anonymous_102)
FN:1195,defineProperties
FN:1199,(anonymous_104)
FN:1210,_interopRequireDefault
FN:1214,_classCallCheck
FN:1228,(anonymous_107)
FN:1231,ServiceChannel
FN:1264,restart
FN:1281,stop
FN:1297,setupNextFetch
FN:1304,(anonymous_112)
FN:1331,addSubscription
FN:1348,removeSubscription
FN:1365,onSubscriptionsChanged
FN:1395,getPollingInterval
FN:1396,(anonymous_117)
FN:1417,getParams
FN:1418,(anonymous_119)
FN:1430,cullImmediateRequests
FN:1433,(anonymous_121)
FN:1439,(anonymous_122)
FN:1454,(anonymous_123)
FN:1457,get
FN:1465,APIService
FN:1476,sync
FN:1479,url
FN:1482,parse
FN:1506,consolidateParams
FN:1522,channelForParams
FN:1544,shouldFetchOnParamsUpdate
FN:1553,onFetchSuccess
FN:1560,onFetchError
FN:1567,onPostSuccess
FN:1574,onPostError
FN:1581,sync
FN:1590,url
FN:1599,parse
FN:1611,removeChannel
FN:1625,addSubscription
FN:1647,addGetSubscription
FN:1666,removeSubscription
FN:1688,getModelInstance
FN:1697,propagateResponse
FN:1710,fetch
FN:1727,post
FN:1746,(anonymous_147)
FN:1754,(anonymous_148)
FN:1756,(anonymous_149)
FN:1760,(anonymous_150)
FN:1761,defineProperties
FN:1765,(anonymous_152)
FN:1778,_interopRequireDefault
FN:1782,_classCallCheck
FN:1788,_possibleConstructorReturn
FN:1794,_inherits
FN:1811,(anonymous_157)
FN:1820,get
FN:1823,set
FN:1828,IdProducer
FN:1852,subscribe
FN:1878,onDiffInRepository
FN:1881,addRemoveMap
FN:1890,changeMap
FN:1919,produceDataForIds
FN:1934,allIds
FN:1938,(anonymous_167)
FN:1957,produceDataSync
FN:1976,unsubscribe
FN:1999,produce
FN:2003,(anonymous_171)
FN:2009,(anonymous_172)
FN:2024,currentData
FN:2038,hasId
FN:2053,shouldPropagateModelChange
FN:2071,idForModel
FN:2086,idForOptions
FN:2099,(anonymous_178)
FN:2107,(anonymous_179)
FN:2108,defineProperties
FN:2112,(anonymous_181)
FN:2131,_interopRequireDefault
FN:2135,_classCallCheck
FN:2148,(anonymous_184)
FN:2154,get
FN:2157,set
FN:2165,get
FN:2168,set
FN:2176,get
FN:2179,set
FN:2184,get
FN:2189,Producer
FN:2202,getInstance
FN:2217,addComponent
FN:2238,removeComponent
FN:2264,subscribeToRepositories
FN:2267,(anonymous_197)
FN:2283,unsubscribeFromRepositories
FN:2286,(anonymous_199)
FN:2305,subscribeToRepository
FN:2309,callback
FN:2325,unsubscribeFromRepository
FN:2334,subscribe
FN:2343,onDiffInRepository
FN:2348,produceDataSync
FN:2362,produce
FN:2377,currentData
FN:2384,unsubscribe
FN:2396,decorate
FN:2405,modelToJSON
FN:2410,modelsToJSON
FN:2423,_validateContract
FN:2434,extend
FN:2443,mixin
FN:2458,(anonymous_215)
FN:2466,get
FN:2482,(anonymous_217)
FN:2483,defineProperties
FN:2487,(anonymous_219)
FN:2498,_interopRequireDefault
FN:2502,_classCallCheck
FN:2508,_possibleConstructorReturn
FN:2514,_inherits
FN:2527,(anonymous_224)
FN:2532,get
FN:2537,get
FN:2542,get
FN:2547,get
FN:2554,Repository
FN:2574,initialize
FN:2597,addThrottledListeners
FN:2607,getByIds
FN:2617,isEmpty
FN:2626,_onAll
FN:2640,_onAdd
FN:2645,_onChange
FN:2650,_onRemove
FN:2655,_throttledAdd
FN:2663,_throttledChange
FN:2671,_throttledRemove
FN:2679,_throttledEvent
FN:2696,_throttledDiff
FN:2715,_triggerUpdates
FN:2728,(anonymous_244)
FN:2736,(anonymous_245)
FN:2737,defineProperties
FN:2741,(anonymous_247)
FN:2750,_interopRequireDefault
FN:2754,_classCallCheck
FN:2760,_possibleConstructorReturn
FN:2766,_inherits
FN:2778,(anonymous_252)
FN:2781,ServiceRepository
FN:2797,addSubscriptionToService
FN:2811,removeSubscriptionFromService
FN:2825,addSubscription
FN:2841,removeSubscription
FN:2848,get
FN:2851,set
FNF:260
FNH:229
FNDA:114,(anonymous_0)
FNDA:0,(anonymous_1)
FNDA:1,webpackUniversalModuleDefinition
FNDA:1,(anonymous_3)
FNDA:1,(anonymous_4)
FNDA:45,__webpack_require__
FNDA:1,(anonymous_6)
FNDA:15,_interopRequireDefault
FNDA:1,(anonymous_8)
FNDA:1,(anonymous_9)
FNDA:1,defineProperties
FNDA:1,(anonymous_11)
FNDA:3,_interopRequireDefault
FNDA:2,_classCallCheck
FNDA:1,EventRegistry
FNDA:1,(anonymous_15)
FNDA:1,EventBus
FNDA:9,subscribe
FNDA:1,subscribeOnce
FNDA:1,unsubscribe
FNDA:10,send
FNDA:21,_eventKeyExists
FNDA:1,(anonymous_22)
FNDA:1,(anonymous_23)
FNDA:1,(anonymous_24)
FNDA:1,_interopRequireDefault
FNDA:1,extend
FNDA:1,(anonymous_27)
FNDA:1,_interopRequireDefault
FNDA:1,extend
FNDA:1,(anonymous_30)
FNDA:1,(anonymous_31)
FNDA:2,defineProperties
FNDA:1,(anonymous_33)
FNDA:1,_interopRequireDefault
FNDA:2,_classCallCheck
FNDA:1,(anonymous_36)
FNDA:2,ComponentBase
FNDA:1,render
FNDA:1,dispose
FNDA:0,get
FNDA:1,(anonymous_41)
FNDA:1,(anonymous_42)
FNDA:1,defineProperties
FNDA:1,(anonymous_44)
FNDA:18,get
FNDA:17,_classCallCheck
FNDA:17,_possibleConstructorReturn
FNDA:1,_inherits
FNDA:1,(anonymous_49)
FNDA:17,ComponentView
FNDA:18,initialize
FNDA:3,render
FNDA:4,renderStaticContent
FNDA:1,renderDynamicContent
FNDA:4,addSubscriptions
FNDA:7,removeSubscriptions
FNDA:6,dispose
FNDA:17,_checkIfImplemented
FNDA:17,(anonymous_59)
FNDA:1,(anonymous_60)
FNDA:1,(anonymous_61)
FNDA:2,defineProperties
FNDA:2,(anonymous_63)
FNDA:3,_interopRequireDefault
FNDA:5,_classCallCheck
FNDA:1,(anonymous_66)
FNDA:0,get
FNDA:5,ComponentViewModel
FNDA:1,dispose
FNDA:1,subscribe
FNDA:1,unsubscribe
FNDA:2,unsubscribeAll
FNDA:0,validateContract
FNDA:1,(anonymous_74)
FNDA:2,_interopRequireDefault
FNDA:7,registerProducers
FNDA:14,(anonymous_77)
FNDA:7,producerForKey
FNDA:3,subscribe
FNDA:1,unsubscribe
FNDA:1,unsubscribeAll
FNDA:2,(anonymous_82)
FNDA:1,(anonymous_83)
FNDA:1,NO_PRODUCER_FOUND_ERROR
FNDA:0,KEY_ALREADY_REGISTERED
FNDA:12,producerClassForKey
FNDA:9,producerForKey
FNDA:19,register
FNDA:14,reset
FNDA:1,(anonymous_90)
FNDA:18,_classCallCheck
FNDA:18,Subscription
FNDA:1,(anonymous_93)
FNDA:14,(anonymous_94)
FNDA:0,(anonymous_95)
FNDA:1,_interopRequireDefault
FNDA:44,validateContract
FNDA:1,(anonymous_98)
FNDA:1,_interopRequireDefault
FNDA:26,setup
FNDA:1,(anonymous_101)
FNDA:1,(anonymous_102)
FNDA:3,defineProperties
FNDA:3,(anonymous_104)
FNDA:1,_interopRequireDefault
FNDA:55,_classCallCheck
FNDA:1,(anonymous_107)
FNDA:24,ServiceChannel
FNDA:27,restart
FNDA:5,stop
FNDA:42,setupNextFetch
FNDA:17,(anonymous_112)
FNDA:12,addSubscription
FNDA:8,removeSubscription
FNDA:14,onSubscriptionsChanged
FNDA:57,getPollingInterval
FNDA:69,(anonymous_117)
FNDA:38,getParams
FNDA:50,(anonymous_119)
FNDA:17,cullImmediateRequests
FNDA:17,(anonymous_121)
FNDA:2,(anonymous_122)
FNDA:1,(anonymous_123)
FNDA:0,get
FNDA:31,APIService
FNDA:1,sync
FNDA:1,url
FNDA:1,parse
FNDA:18,consolidateParams
FNDA:10,channelForParams
FNDA:1,shouldFetchOnParamsUpdate
FNDA:0,onFetchSuccess
FNDA:0,onFetchError
FNDA:0,onPostSuccess
FNDA:0,onPostError
FNDA:0,sync
FNDA:0,url
FNDA:0,parse
FNDA:5,removeChannel
FNDA:36,addSubscription
FNDA:36,addGetSubscription
FNDA:6,removeSubscription
FNDA:0,getModelInstance
FNDA:0,propagateResponse
FNDA:2,fetch
FNDA:0,post
FNDA:1,(anonymous_147)
FNDA:92,(anonymous_148)
FNDA:0,(anonymous_149)
FNDA:1,(anonymous_150)
FNDA:2,defineProperties
FNDA:2,(anonymous_152)
FNDA:2,_interopRequireDefault
FNDA:32,_classCallCheck
FNDA:32,_possibleConstructorReturn
FNDA:1,_inherits
FNDA:1,(anonymous_157)
FNDA:48,get
FNDA:1,set
FNDA:32,IdProducer
FNDA:35,subscribe
FNDA:14,onDiffInRepository
FNDA:8,addRemoveMap
FNDA:6,changeMap
FNDA:17,produceDataForIds
FNDA:11,allIds
FNDA:10,(anonymous_167)
FNDA:51,produceDataSync
FNDA:4,unsubscribe
FNDA:13,produce
FNDA:13,(anonymous_171)
FNDA:12,(anonymous_172)
FNDA:10,currentData
FNDA:20,hasId
FNDA:4,shouldPropagateModelChange
FNDA:7,idForModel
FNDA:48,idForOptions
FNDA:1,(anonymous_178)
FNDA:1,(anonymous_179)
FNDA:3,defineProperties
FNDA:2,(anonymous_181)
FNDA:3,_interopRequireDefault
FNDA:54,_classCallCheck
FNDA:1,(anonymous_184)
FNDA:0,get
FNDA:0,set
FNDA:41,get
FNDA:37,set
FNDA:35,get
FNDA:35,set
FNDA:0,get
FNDA:54,Producer
FNDA:10,getInstance
FNDA:30,addComponent
FNDA:10,removeComponent
FNDA:23,subscribeToRepositories
FNDA:14,(anonymous_197)
FNDA:4,unsubscribeFromRepositories
FNDA:3,(anonymous_199)
FNDA:13,subscribeToRepository
FNDA:1,callback
FNDA:3,unsubscribeFromRepository
FNDA:14,subscribe
FNDA:1,onDiffInRepository
FNDA:14,produceDataSync
FNDA:15,produce
FNDA:12,currentData
FNDA:4,unsubscribe
FNDA:25,decorate
FNDA:0,modelToJSON
FNDA:0,modelsToJSON
FNDA:28,_validateContract
FNDA:0,extend
FNDA:0,mixin
FNDA:1,(anonymous_215)
FNDA:16,get
FNDA:1,(anonymous_217)
FNDA:2,defineProperties
FNDA:2,(anonymous_219)
FNDA:1,_interopRequireDefault
FNDA:16,_classCallCheck
FNDA:16,_possibleConstructorReturn
FNDA:1,_inherits
FNDA:1,(anonymous_224)
FNDA:38,get
FNDA:18,get
FNDA:18,get
FNDA:18,get
FNDA:16,Repository
FNDA:16,initialize
FNDA:16,addThrottledListeners
FNDA:1,getByIds
FNDA:2,isEmpty
FNDA:109,_onAll
FNDA:29,_onAdd
FNDA:6,_onChange
FNDA:6,_onRemove
FNDA:16,_throttledAdd
FNDA:16,_throttledChange
FNDA:16,_throttledRemove
FNDA:48,_throttledEvent
FNDA:16,_throttledDiff
FNDA:16,_triggerUpdates
FNDA:1,(anonymous_244)
FNDA:1,(anonymous_245)
FNDA:1,defineProperties
FNDA:1,(anonymous_247)
FNDA:1,_interopRequireDefault
FNDA:4,_classCallCheck
FNDA:4,_possibleConstructorReturn
FNDA:1,_inherits
FNDA:1,(anonymous_252)
FNDA:4,ServiceRepository
FNDA:0,addSubscriptionToService
FNDA:0,removeSubscriptionFromService
FNDA:0,addSubscription
FNDA:0,removeSubscription
FNDA:0,get
FNDA:0,set
DA:3,114
DA:11,1
DA:12,1
DA:14,1
DA:17,1
DA:23,45
DA:24,26
DA:27,19
DA:34,19
DA:37,19
DA:40,19
DA:46,1
DA:49,1
DA:52,1
DA:55,1
DA:65,1
DA:68,1
DA:70,1
DA:72,1
DA:74,1
DA:76,1
DA:78,1
DA:80,1
DA:82,1
DA:84,1
DA:86,1
DA:88,1
DA:90,1
DA:92,1
DA:94,1
DA:96,1
DA:98,1
DA:100,1
DA:102,1
DA:104,1
DA:106,1
DA:108,1
DA:110,1
DA:112,1
DA:114,1
DA:116,1
DA:118,1
DA:120,1
DA:122,1
DA:124,1
DA:126,1
DA:128,1
DA:130,1
DA:133,15
DA:136,1
DA:156,1
DA:161,1
DA:162,1
DA:163,1
DA:164,1
DA:165,1
DA:166,1
DA:167,1
DA:168,1
DA:169,1
DA:170,1
DA:171,1
DA:172,1
DA:173,1
DA:174,1
DA:175,1
DA:176,1
DA:177,1
DA:186,1
DA:190,1
DA:192,1
DA:193,5
DA:195,1
DA:196,1
DA:200,1
DA:202,1
DA:204,1
DA:206,1
DA:208,1
DA:210,1
DA:213,3
DA:217,2
DA:218,0
DA:222,1
DA:223,1
DA:226,1
DA:235,1
DA:237,1
DA:240,1
DA:249,9
DA:250,1
DA:253,8
DA:254,2
DA:257,6
DA:269,1
DA:270,0
DA:273,1
DA:274,0
DA:277,1
DA:288,1
DA:289,0
DA:292,1
DA:293,0
DA:296,1
DA:310,10
DA:311,1
DA:314,9
DA:319,21
DA:320,21
DA:321,84
DA:322,84
DA:324,21
DA:328,1
DA:331,1
DA:333,1
DA:340,1
DA:347,1
DA:356,1
DA:360,1
DA:362,1
DA:365,1
DA:368,1
DA:371,1
DA:372,1
DA:376,1
DA:385,1
DA:389,1
DA:391,1
DA:394,1
DA:397,1
DA:399,1
DA:400,1
DA:404,1
DA:413,1
DA:417,1
DA:419,2
DA:420,3
DA:422,1
DA:423,1
DA:427,1
DA:429,1
DA:431,1
DA:434,1
DA:438,2
DA:439,0
DA:452,1
DA:454,2
DA:457,1
DA:463,1
DA:472,1
DA:481,0
DA:485,1
DA:492,1
DA:494,1
DA:503,1
DA:507,1
DA:509,1
DA:510,8
DA:512,1
DA:513,1
DA:517,1
DA:518,18
DA:519,0
DA:520,0
DA:522,0
DA:524,18
DA:525,18
DA:527,0
DA:528,0
DA:529,0
DA:533,1
DA:536,17
DA:537,0
DA:542,17
DA:543,0
DA:544,17
DA:548,1
DA:549,0
DA:550,1
DA:564,1
DA:565,1
DA:569,17
DA:574,17
DA:576,17
DA:578,17
DA:587,1
DA:590,18
DA:591,1
DA:593,18
DA:594,18
DA:604,3
DA:605,3
DA:606,3
DA:617,4
DA:628,1
DA:639,4
DA:650,7
DA:660,6
DA:661,1
DA:663,6
DA:664,6
DA:665,6
DA:666,6
DA:667,6
DA:677,17
DA:679,17
DA:680,17
DA:681,17
DA:682,85
DA:683,85
DA:684,85
DA:685,0
DA:687,85
DA:689,17
DA:694,1
DA:697,1
DA:706,1
DA:710,1
DA:712,2
DA:713,6
DA:715,1
DA:716,2
DA:720,1
DA:722,1
DA:724,1
DA:726,1
DA:728,1
DA:730,1
DA:732,1
DA:735,3
DA:739,5
DA:740,0
DA:749,1
DA:750,1
DA:753,0
DA:762,5
DA:764,5
DA:771,1
DA:774,1
DA:791,1
DA:803,1
DA:812,2
DA:828,0
DA:832,1
DA:835,1
DA:844,1
DA:848,1
DA:850,1
DA:852,1
DA:854,1
DA:857,2
DA:863,1
DA:870,7
DA:871,14
DA:881,7
DA:892,3
DA:894,3
DA:895,3
DA:896,3
DA:905,1
DA:906,1
DA:914,1
DA:915,2
DA:920,1
DA:929,1
DA:933,1
DA:936,1
DA:939,1
DA:942,1
DA:943,1
DA:947,1
DA:948,0
DA:953,1
DA:963,12
DA:965,12
DA:966,2
DA:969,10
DA:971,10
DA:972,1
DA:975,9
DA:984,9
DA:985,8
DA:994,19
DA:995,19
DA:996,19
DA:997,18
DA:999,18
DA:1000,0
DA:1003,18
DA:1011,14
DA:1012,14
DA:1016,1
DA:1025,1
DA:1030,18
DA:1031,0
DA:1035,1
DA:1036,18
DA:1038,18
DA:1039,18
DA:1040,18
DA:1043,1
DA:1052,1
DA:1056,1
DA:1057,14
DA:1059,0
DA:1062,1
DA:1064,1
DA:1066,1
DA:1069,1
DA:1092,1
DA:1093,44
DA:1095,44
DA:1096,29
DA:1098,15
DA:1099,1
DA:1100,0
DA:1103,14
DA:1104,1
DA:1105,0
DA:1108,13
DA:1109,4
DA:1110,0
DA:1113,9
DA:1114,1
DA:1115,0
DA:1118,8
DA:1119,7
DA:1120,7
DA:1122,7
DA:1123,1
DA:1124,0
DA:1125,6
DA:1126,1
DA:1127,0
DA:1131,6
DA:1133,5
DA:1134,5
DA:1135,1
DA:1136,0
DA:1139,4
DA:1140,4
DA:1141,1
DA:1142,0
DA:1147,4
DA:1150,1
DA:1159,1
DA:1162,1
DA:1164,1
DA:1166,1
DA:1169,1
DA:1172,1
DA:1177,26
DA:1180,1
DA:1181,1
DA:1190,1
DA:1194,1
DA:1196,3
DA:1197,28
DA:1199,1
DA:1200,3
DA:1204,1
DA:1206,1
DA:1208,1
DA:1211,1
DA:1215,55
DA:1216,0
DA:1228,1
DA:1232,24
DA:1234,24
DA:1235,24
DA:1238,24
DA:1241,24
DA:1244,24
DA:1247,24
DA:1250,24
DA:1252,24
DA:1254,24
DA:1262,1
DA:1265,27
DA:1266,27
DA:1267,27
DA:1268,2
DA:1269,2
DA:1271,25
DA:1273,27
DA:1282,5
DA:1283,5
DA:1284,5
DA:1285,5
DA:1286,5
DA:1298,42
DA:1300,42
DA:1302,42
DA:1304,42
DA:1305,17
DA:1306,17
DA:1308,17
DA:1312,17
DA:1314,15
DA:1315,15
DA:1317,0
DA:1332,12
DA:1333,12
DA:1335,12
DA:1349,8
DA:1350,7
DA:1352,7
DA:1353,5
DA:1355,2
DA:1366,14
DA:1367,14
DA:1369,14
DA:1370,14
DA:1372,14
DA:1374,14
DA:1375,3
DA:1378,14
DA:1379,1
DA:1380,1
DA:1381,13
DA:1382,2
DA:1396,57
DA:1397,69
DA:1399,57
DA:1400,57
DA:1401,0
DA:1403,57
DA:1418,38
DA:1419,50
DA:1421,38
DA:1422,38
DA:1431,17
DA:1433,17
DA:1434,17
DA:1439,17
DA:1440,2
DA:1443,17
DA:1447,1
DA:1454,1
DA:1455,1
DA:1458,0
DA:1466,31
DA:1468,31
DA:1470,31
DA:1472,31
DA:1473,31
DA:1475,31
DA:1477,1
DA:1480,1
DA:1483,1
DA:1504,1
DA:1507,18
DA:1524,10
DA:1545,1
DA:1582,0
DA:1591,0
DA:1600,0
DA:1612,5
DA:1626,36
DA:1627,36
DA:1629,36
DA:1631,0
DA:1633,0
DA:1635,0
DA:1648,36
DA:1649,36
DA:1651,36
DA:1652,12
DA:1654,24
DA:1667,6
DA:1668,6
DA:1669,6
DA:1671,6
DA:1672,6
DA:1689,0
DA:1698,0
DA:1711,2
DA:1712,2
DA:1728,0
DA:1729,0
DA:1736,1
DA:1739,1
DA:1741,1
DA:1750,1
DA:1754,1
DA:1755,92
DA:1757,0
DA:1760,1
DA:1762,2
DA:1763,13
DA:1765,1
DA:1766,2
DA:1770,1
DA:1772,1
DA:1774,1
DA:1776,1
DA:1779,2
DA:1783,32
DA:1784,0
DA:1789,32
DA:1790,0
DA:1791,32
DA:1795,1
DA:1796,0
DA:1797,1
DA:1811,1
DA:1812,1
DA:1814,1
DA:1821,48
DA:1824,1
DA:1829,32
DA:1833,32
DA:1835,32
DA:1839,32
DA:1840,32
DA:1850,1
DA:1853,35
DA:1854,35
DA:1855,1
DA:1857,34
DA:1858,2
DA:1860,32
DA:1863,34
DA:1879,14
DA:1881,14
DA:1882,8
DA:1883,8
DA:1884,2
DA:1885,6
DA:1886,4
DA:1890,14
DA:1891,6
DA:1892,5
DA:1893,5
DA:1894,1
DA:1895,4
DA:1896,3
DA:1901,14
DA:1902,14
DA:1903,14
DA:1905,14
DA:1906,14
DA:1908,14
DA:1920,17
DA:1922,17
DA:1923,17
DA:1935,11
DA:1937,11
DA:1938,10
DA:1939,10
DA:1943,11
DA:1958,51
DA:1959,34
DA:1960,17
DA:1961,13
DA:1962,13
DA:1964,13
DA:1977,4
DA:1978,4
DA:1979,4
DA:1980,4
DA:1981,4
DA:1982,4
DA:1984,4
DA:1985,3
DA:2000,13
DA:2002,13
DA:2003,13
DA:2004,13
DA:2005,13
DA:2006,13
DA:2007,13
DA:2009,13
DA:2010,12
DA:2011,10
DA:2039,20
DA:2054,4
DA:2072,7
DA:2087,48
DA:2091,1
DA:2094,1
DA:2103,1
DA:2107,1
DA:2109,3
DA:2110,23
DA:2112,1
DA:2113,2
DA:2117,1
DA:2119,1
DA:2121,1
DA:2123,1
DA:2125,1
DA:2127,1
DA:2129,1
DA:2132,3
DA:2136,54
DA:2137,0
DA:2148,1
DA:2149,1
DA:2155,0
DA:2158,0
DA:2166,41
DA:2169,37
DA:2177,35
DA:2180,35
DA:2185,0
DA:2190,54
DA:2192,54
DA:2193,54
DA:2194,54
DA:2197,54
DA:2200,1
DA:2203,10
DA:2204,3
DA:2206,10
DA:2218,30
DA:2219,30
DA:2220,28
DA:2221,28
DA:2223,28
DA:2224,21
DA:2225,21
DA:2239,10
DA:2241,10
DA:2242,6
DA:2243,6
DA:2245,6
DA:2246,6
DA:2247,3
DA:2248,3
DA:2251,6
DA:2252,3
DA:2253,3
DA:2265,23
DA:2267,23
DA:2268,14
DA:2269,11
DA:2270,3
DA:2271,2
DA:2273,1
DA:2284,4
DA:2286,4
DA:2287,3
DA:2288,2
DA:2289,1
DA:2290,1
DA:2306,13
DA:2308,13
DA:2309,11
DA:2310,1
DA:2314,13
DA:2326,3
DA:2335,14
DA:2344,1
DA:2349,14
DA:2363,15
DA:2364,15
DA:2365,15
DA:2366,17
DA:2367,17
DA:2397,25
DA:2398,5
DA:2399,5
DA:2401,25
DA:2406,0
DA:2411,0
DA:2424,28
DA:2426,28
DA:2427,0
DA:2430,28
DA:2435,0
DA:2436,0
DA:2437,0
DA:2439,0
DA:2444,0
DA:2448,1
DA:2451,1
DA:2453,1
DA:2462,1
DA:2466,1
DA:2467,16
DA:2468,0
DA:2469,0
DA:2471,0
DA:2473,16
DA:2474,16
DA:2476,0
DA:2477,0
DA:2478,0
DA:2482,1
DA:2484,2
DA:2485,18
DA:2487,1
DA:2488,2
DA:2492,1
DA:2494,1
DA:2496,1
DA:2499,1
DA:2503,16
DA:2504,0
DA:2509,16
DA:2510,0
DA:2511,16
DA:2515,1
DA:2516,0
DA:2517,1
DA:2527,1
DA:2528,1
DA:2530,1
DA:2533,38
DA:2538,18
DA:2543,18
DA:2548,18
DA:2557,16
DA:2559,16
DA:2560,0
DA:2563,16
DA:2565,16
DA:2566,16
DA:2567,16
DA:2568,16
DA:2569,16
DA:2572,1
DA:2575,16
DA:2576,16
DA:2578,16
DA:2580,16
DA:2582,16
DA:2586,16
DA:2588,16
DA:2598,16
DA:2608,1
DA:2609,1
DA:2610,2
DA:2611,2
DA:2613,1
DA:2618,2
DA:2627,109
DA:2629,29
DA:2631,6
DA:2633,6
DA:2636,109
DA:2641,29
DA:2646,6
DA:2651,6
DA:2656,16
DA:2657,16
DA:2658,16
DA:2659,16
DA:2664,16
DA:2665,16
DA:2666,16
DA:2667,16
DA:2672,16
DA:2673,16
DA:2674,16
DA:2675,16
DA:2680,48
DA:2681,18
DA:2683,48
DA:2697,16
DA:2698,16
DA:2700,12
DA:2701,12
DA:2703,12
DA:2710,12
DA:2716,16
DA:2720,1
DA:2723,1
DA:2732,1
DA:2736,1
DA:2738,1
DA:2739,5
DA:2741,1
DA:2742,1
DA:2746,1
DA:2748,1
DA:2751,1
DA:2755,4
DA:2756,0
DA:2761,4
DA:2762,0
DA:2763,4
DA:2767,1
DA:2768,0
DA:2769,1
DA:2778,1
DA:2779,1
DA:2782,4
DA:2784,4
DA:2787,1
DA:2798,0
DA:2812,0
DA:2826,0
DA:2827,0
DA:2842,0
DA:2843,0
DA:2849,0
DA:2852,0
DA:2856,1
DA:2862,1
LF:801
LH:718
BRDA:3,0,0,1
BRDA:3,0,1,0
BRDA:3,1,0,1
BRDA:3,1,1,1
BRDA:3,2,0,0
BRDA:3,2,1,0
BRDA:3,3,0,0
BRDA:3,3,1,0
BRDA:3,3,2,0
BRDA:3,3,3,0
BRDA:12,4,0,1
BRDA:12,4,1,0
BRDA:12,5,0,1
BRDA:12,5,1,1
BRDA:12,6,0,0
BRDA:12,6,1,1
BRDA:12,7,0,0
BRDA:12,7,1,1
BRDA:12,8,0,0
BRDA:12,8,1,0
BRDA:12,9,0,0
BRDA:12,9,1,0
BRDA:12,10,0,0
BRDA:12,10,1,0
BRDA:12,11,0,0
BRDA:12,11,1,0
BRDA:23,12,0,26
BRDA:23,12,1,19
BRDA:133,13,0,15
BRDA:133,13,1,0
BRDA:133,14,0,15
BRDA:133,14,1,15
BRDA:193,15,0,5
BRDA:193,15,1,5
BRDA:193,16,0,5
BRDA:193,16,1,0
BRDA:196,17,0,1
BRDA:196,17,1,0
BRDA:196,18,0,0
BRDA:196,18,1,1
BRDA:213,19,0,1
BRDA:213,19,1,2
BRDA:213,20,0,3
BRDA:213,20,1,3
BRDA:217,21,0,0
BRDA:217,21,1,2
BRDA:249,22,0,1
BRDA:249,22,1,8
BRDA:253,23,0,2
BRDA:253,23,1,6
BRDA:269,24,0,0
BRDA:269,24,1,1
BRDA:273,25,0,0
BRDA:273,25,1,1
BRDA:288,26,0,0
BRDA:288,26,1,1
BRDA:292,27,0,0
BRDA:292,27,1,1
BRDA:310,28,0,1
BRDA:310,28,1,9
BRDA:365,29,0,0
BRDA:365,29,1,1
BRDA:365,30,0,1
BRDA:365,30,1,1
BRDA:394,31,0,0
BRDA:394,31,1,1
BRDA:394,32,0,1
BRDA:394,32,1,1
BRDA:420,33,0,3
BRDA:420,33,1,3
BRDA:420,34,0,2
BRDA:420,34,1,1
BRDA:423,35,0,1
BRDA:423,35,1,0
BRDA:423,36,0,1
BRDA:423,36,1,0
BRDA:434,37,0,0
BRDA:434,37,1,1
BRDA:434,38,0,1
BRDA:434,38,1,1
BRDA:438,39,0,0
BRDA:438,39,1,2
BRDA:510,40,0,8
BRDA:510,40,1,8
BRDA:510,41,0,8
BRDA:510,41,1,0
BRDA:513,42,0,1
BRDA:513,42,1,0
BRDA:513,43,0,0
BRDA:513,43,1,1
BRDA:518,44,0,0
BRDA:518,44,1,18
BRDA:518,45,0,0
BRDA:518,45,1,18
BRDA:519,46,0,0
BRDA:519,46,1,0
BRDA:524,47,0,18
BRDA:524,47,1,0
BRDA:527,48,0,0
BRDA:527,48,1,0
BRDA:536,49,0,0
BRDA:536,49,1,17
BRDA:542,50,0,0
BRDA:542,50,1,17
BRDA:544,51,0,0
BRDA:544,51,1,17
BRDA:544,52,0,17
BRDA:544,52,1,0
BRDA:544,52,2,0
BRDA:544,53,0,0
BRDA:544,53,1,0
BRDA:548,54,0,0
BRDA:548,54,1,1
BRDA:548,55,0,1
BRDA:548,55,1,0
BRDA:549,56,0,0
BRDA:549,56,1,0
BRDA:550,57,0,1
BRDA:550,57,1,1
BRDA:550,58,0,1
BRDA:550,58,1,0
BRDA:550,59,0,1
BRDA:550,59,1,0
BRDA:574,60,0,17
BRDA:574,60,1,0
BRDA:590,61,0,1
BRDA:590,61,1,17
BRDA:590,62,0,18
BRDA:590,62,1,2
BRDA:593,63,0,18
BRDA:593,63,1,0
BRDA:660,64,0,1
BRDA:660,64,1,5
BRDA:684,65,0,0
BRDA:684,65,1,85
BRDA:713,66,0,6
BRDA:713,66,1,6
BRDA:713,67,0,5
BRDA:713,67,1,1
BRDA:716,68,0,1
BRDA:716,68,1,1
BRDA:716,69,0,1
BRDA:716,69,1,1
BRDA:735,70,0,2
BRDA:735,70,1,1
BRDA:735,71,0,3
BRDA:735,71,1,3
BRDA:739,72,0,0
BRDA:739,72,1,5
BRDA:857,73,0,2
BRDA:857,73,1,0
BRDA:857,74,0,2
BRDA:857,74,1,2
BRDA:892,75,0,3
BRDA:892,75,1,0
BRDA:892,76,0,3
BRDA:892,76,1,3
BRDA:965,77,0,2
BRDA:965,77,1,10
BRDA:971,78,0,1
BRDA:971,78,1,9
BRDA:994,79,0,19
BRDA:994,79,1,0
BRDA:999,80,0,0
BRDA:999,80,1,18
BRDA:1030,81,0,0
BRDA:1030,81,1,18
BRDA:1056,82,0,1
BRDA:1056,82,1,0
BRDA:1056,83,0,1
BRDA:1056,83,1,1
BRDA:1057,84,0,0
BRDA:1057,84,1,14
BRDA:1059,85,0,0
BRDA:1059,85,1,0
BRDA:1059,86,0,0
BRDA:1059,86,1,0
BRDA:1059,86,2,0
BRDA:1059,86,3,0
BRDA:1059,87,0,0
BRDA:1059,87,1,0
BRDA:1069,88,0,0
BRDA:1069,88,1,1
BRDA:1069,89,0,1
BRDA:1069,89,1,1
BRDA:1093,90,0,33
BRDA:1093,90,1,11
BRDA:1093,91,0,44
BRDA:1093,91,1,33
BRDA:1095,92,0,29
BRDA:1095,92,1,15
BRDA:1098,93,0,1
BRDA:1098,93,1,14
BRDA:1103,94,0,1
BRDA:1103,94,1,13
BRDA:1108,95,0,4
BRDA:1108,95,1,9
BRDA:1108,96,0,13
BRDA:1108,96,1,5
BRDA:1109,97,0,0
BRDA:1109,97,1,4
BRDA:1113,98,0,1
BRDA:1113,98,1,8
BRDA:1113,99,0,9
BRDA:1113,99,1,9
BRDA:1113,99,2,8
BRDA:1118,100,0,7
BRDA:1118,100,1,1
BRDA:1118,101,0,8
BRDA:1118,101,1,8
BRDA:1122,102,0,1
BRDA:1122,102,1,6
BRDA:1125,103,0,1
BRDA:1125,103,1,5
BRDA:1134,104,0,1
BRDA:1134,104,1,4
BRDA:1139,105,0,4
BRDA:1139,105,1,0
BRDA:1140,106,0,1
BRDA:1140,106,1,3
BRDA:1140,107,0,0
BRDA:1140,107,1,4
BRDA:1141,108,0,0
BRDA:1141,108,1,1
BRDA:1169,109,0,0
BRDA:1169,109,1,1
BRDA:1169,110,0,1
BRDA:1169,110,1,1
BRDA:1197,111,0,28
BRDA:1197,111,1,28
BRDA:1197,112,0,27
BRDA:1197,112,1,1
BRDA:1200,113,0,2
BRDA:1200,113,1,1
BRDA:1200,114,0,1
BRDA:1200,114,1,2
BRDA:1211,115,0,0
BRDA:1211,115,1,1
BRDA:1211,116,0,1
BRDA:1211,116,1,1
BRDA:1215,117,0,0
BRDA:1215,117,1,55
BRDA:1267,118,0,2
BRDA:1267,118,1,25
BRDA:1300,119,0,27
BRDA:1300,119,1,15
BRDA:1300,120,0,42
BRDA:1300,120,1,27
BRDA:1312,121,0,15
BRDA:1312,121,1,2
BRDA:1314,122,0,15
BRDA:1314,122,1,0
BRDA:1332,123,0,12
BRDA:1332,123,1,0
BRDA:1349,124,0,7
BRDA:1349,124,1,1
BRDA:1352,125,0,5
BRDA:1352,125,1,2
BRDA:1374,126,0,3
BRDA:1374,126,1,11
BRDA:1378,127,0,1
BRDA:1378,127,1,13
BRDA:1381,128,0,2
BRDA:1381,128,1,11
BRDA:1400,129,0,0
BRDA:1400,129,1,57
BRDA:1434,130,0,17
BRDA:1434,130,1,15
BRDA:1466,131,0,31
BRDA:1466,131,1,0
BRDA:1466,132,0,31
BRDA:1466,132,1,31
BRDA:1524,133,0,10
BRDA:1524,133,1,2
BRDA:1626,134,0,36
BRDA:1626,134,1,36
BRDA:1627,135,0,36
BRDA:1627,135,1,0
BRDA:1627,135,2,0
BRDA:1627,135,3,0
BRDA:1651,136,0,12
BRDA:1651,136,1,24
BRDA:1667,137,0,6
BRDA:1667,137,1,0
BRDA:1671,138,0,6
BRDA:1671,138,1,0
BRDA:1754,139,0,1
BRDA:1754,139,1,0
BRDA:1754,140,0,1
BRDA:1754,140,1,1
BRDA:1755,141,0,0
BRDA:1755,141,1,92
BRDA:1757,142,0,0
BRDA:1757,142,1,0
BRDA:1757,143,0,0
BRDA:1757,143,1,0
BRDA:1757,143,2,0
BRDA:1757,143,3,0
BRDA:1757,144,0,0
BRDA:1757,144,1,0
BRDA:1763,145,0,13
BRDA:1763,145,1,13
BRDA:1763,146,0,12
BRDA:1763,146,1,1
BRDA:1766,147,0,2
BRDA:1766,147,1,0
BRDA:1766,148,0,0
BRDA:1766,148,1,2
BRDA:1779,149,0,1
BRDA:1779,149,1,1
BRDA:1779,150,0,2
BRDA:1779,150,1,2
BRDA:1783,151,0,0
BRDA:1783,151,1,32
BRDA:1789,152,0,0
BRDA:1789,152,1,32
BRDA:1791,153,0,0
BRDA:1791,153,1,32
BRDA:1791,154,0,32
BRDA:1791,154,1,0
BRDA:1791,154,2,0
BRDA:1791,155,0,0
BRDA:1791,155,1,0
BRDA:1795,156,0,0
BRDA:1795,156,1,1
BRDA:1795,157,0,1
BRDA:1795,157,1,0
BRDA:1796,158,0,0
BRDA:1796,158,1,0
BRDA:1797,159,0,1
BRDA:1797,159,1,1
BRDA:1797,160,0,1
BRDA:1797,160,1,0
BRDA:1797,161,0,1
BRDA:1797,161,1,0
BRDA:1821,162,0,48
BRDA:1821,162,1,46
BRDA:1833,163,0,32
BRDA:1833,163,1,0
BRDA:1854,164,0,1
BRDA:1854,164,1,34
BRDA:1854,165,0,0
BRDA:1854,165,1,35
BRDA:1855,166,0,1
BRDA:1855,166,1,0
BRDA:1857,167,0,2
BRDA:1857,167,1,32
BRDA:1883,168,0,2
BRDA:1883,168,1,6
BRDA:1885,169,0,4
BRDA:1885,169,1,2
BRDA:1891,170,0,5
BRDA:1891,170,1,1
BRDA:1893,171,0,1
BRDA:1893,171,1,4
BRDA:1895,172,0,3
BRDA:1895,172,1,1
BRDA:1920,173,0,15
BRDA:1920,173,1,2
BRDA:1920,174,0,17
BRDA:1920,174,1,15
BRDA:1937,175,0,10
BRDA:1937,175,1,1
BRDA:1958,176,0,34
BRDA:1958,176,1,17
BRDA:1960,177,0,13
BRDA:1960,177,1,4
BRDA:1979,178,0,4
BRDA:1979,178,1,0
BRDA:1981,179,0,4
BRDA:1981,179,1,0
BRDA:1984,180,0,3
BRDA:1984,180,1,1
BRDA:2004,181,0,13
BRDA:2004,181,1,11
BRDA:2010,182,0,10
BRDA:2010,182,1,2
BRDA:2110,183,0,23
BRDA:2110,183,1,23
BRDA:2110,184,0,19
BRDA:2110,184,1,4
BRDA:2113,185,0,2
BRDA:2113,185,1,0
BRDA:2113,186,0,1
BRDA:2113,186,1,1
BRDA:2132,187,0,2
BRDA:2132,187,1,1
BRDA:2132,188,0,3
BRDA:2132,188,1,3
BRDA:2136,189,0,0
BRDA:2136,189,1,54
BRDA:2166,190,0,41
BRDA:2166,190,1,10
BRDA:2177,191,0,35
BRDA:2177,191,1,12
BRDA:2203,192,0,3
BRDA:2203,192,1,7
BRDA:2219,193,0,28
BRDA:2219,193,1,2
BRDA:2223,194,0,21
BRDA:2223,194,1,7
BRDA:2241,195,0,6
BRDA:2241,195,1,4
BRDA:2251,196,0,3
BRDA:2251,196,1,3
BRDA:2268,197,0,11
BRDA:2268,197,1,3
BRDA:2270,198,0,2
BRDA:2270,198,1,1
BRDA:2270,199,0,3
BRDA:2270,199,1,2
BRDA:2287,200,0,2
BRDA:2287,200,1,1
BRDA:2289,201,0,1
BRDA:2289,201,1,0
BRDA:2289,202,0,1
BRDA:2289,202,1,1
BRDA:2308,203,0,11
BRDA:2308,203,1,2
BRDA:2426,204,0,0
BRDA:2426,204,1,28
BRDA:2467,205,0,0
BRDA:2467,205,1,16
BRDA:2467,206,0,0
BRDA:2467,206,1,16
BRDA:2468,207,0,0
BRDA:2468,207,1,0
BRDA:2473,208,0,16
BRDA:2473,208,1,0
BRDA:2476,209,0,0
BRDA:2476,209,1,0
BRDA:2485,210,0,18
BRDA:2485,210,1,18
BRDA:2485,211,0,14
BRDA:2485,211,1,4
BRDA:2488,212,0,2
BRDA:2488,212,1,0
BRDA:2488,213,0,0
BRDA:2488,213,1,2
BRDA:2499,214,0,0
BRDA:2499,214,1,1
BRDA:2499,215,0,1
BRDA:2499,215,1,1
BRDA:2503,216,0,0
BRDA:2503,216,1,16
BRDA:2509,217,0,0
BRDA:2509,217,1,16
BRDA:2511,218,0,0
BRDA:2511,218,1,16
BRDA:2511,219,0,16
BRDA:2511,219,1,0
BRDA:2511,219,2,0
BRDA:2511,220,0,0
BRDA:2511,220,1,0
BRDA:2515,221,0,0
BRDA:2515,221,1,1
BRDA:2515,222,0,1
BRDA:2515,222,1,0
BRDA:2516,223,0,0
BRDA:2516,223,1,0
BRDA:2517,224,0,1
BRDA:2517,224,1,1
BRDA:2517,225,0,1
BRDA:2517,225,1,0
BRDA:2517,226,0,1
BRDA:2517,226,1,0
BRDA:2563,227,0,16
BRDA:2563,227,1,0
BRDA:2575,228,0,16
BRDA:2575,228,1,0
BRDA:2576,229,0,16
BRDA:2576,229,1,16
BRDA:2627,230,0,29
BRDA:2627,230,1,6
BRDA:2627,230,2,6
BRDA:2680,231,0,18
BRDA:2680,231,1,30
BRDA:2698,232,0,12
BRDA:2698,232,1,4
BRDA:2698,233,0,16
BRDA:2698,233,1,6
BRDA:2698,233,2,5
BRDA:2739,234,0,5
BRDA:2739,234,1,5
BRDA:2739,235,0,4
BRDA:2739,235,1,1
BRDA:2742,236,0,1
BRDA:2742,236,1,0
BRDA:2742,237,0,0
BRDA:2742,237,1,1
BRDA:2751,238,0,1
BRDA:2751,238,1,0
BRDA:2751,239,0,1
BRDA:2751,239,1,1
BRDA:2755,240,0,0
BRDA:2755,240,1,4
BRDA:2761,241,0,0
BRDA:2761,241,1,4
BRDA:2763,242,0,4
BRDA:2763,242,1,0
BRDA:2763,243,0,4
BRDA:2763,243,1,4
BRDA:2763,243,2,0
BRDA:2763,244,0,0
BRDA:2763,244,1,4
BRDA:2767,245,0,0
BRDA:2767,245,1,1
BRDA:2767,246,0,1
BRDA:2767,246,1,0
BRDA:2768,247,0,0
BRDA:2768,247,1,0
BRDA:2769,248,0,1
BRDA:2769,248,1,1
BRDA:2769,249,0,1
BRDA:2769,249,1,0
BRDA:2769,250,0,1
BRDA:2769,250,1,0
BRDA:2784,251,0,4
BRDA:2784,251,1,0
BRDA:2826,252,0,0
BRDA:2826,252,1,0
BRDA:2842,253,0,0
BRDA:2842,253,1,0
BRDA:2849,254,0,0
BRDA:2849,254,1,0
BRF:525
BRH:353
end_of_record
